{"name": "login_from_token", "status": "failed", "statusDetails": {"message": "AssertionError", "trace": "browser = <selenium.webdriver.remote.webdriver.WebDriver (session=\"f83db3ff20f824d519b01943a6e32437\")>\n\n    @allure.feature('login')\n    @allure.title(\"login_from_token\")\n    @pytest.mark.smoke\n    def test_login_from_token(browser):\n        test_login_from_token = MainPageHelper(browser)\n        test_login_from_token.go_to_site_through_token()\n>       test_login_from_token.login_check()\n\nTests/test_TestSmokeTesting.py:21: \n_ _ _ _ _ _ _ _ _ _ _ _ _ _ _ _ _ _ _ _ _ _ _ _ _ _ _ _ _ _ _ _ _ _ _ _ _ _ _ _ \n\nself = <Pages.MainPageLogin.MainPageHelper object at 0x7fae64d6b2b0>\n\n    @allure.step\n    def login_check(self):\n        check_el = self.find_element(MainPageLoginLokators.LOCATOR_CHECK_CREATE_COURS)\n>       assert check_el.is_displayed() == False\nE       AssertionError\n\nPages/MainPageLogin.py:47: AssertionError"}, "steps": [{"name": "login_check", "status": "failed", "statusDetails": {"message": "AssertionError\n", "trace": "  File \"/opt/hostedtoolcache/Python/3.8.6/x64/lib/python3.8/site-packages/allure_commons/_allure.py\", line 172, in impl\n    return func(*a, **kw)\n  File \"/home/runner/work/page_object_example/page_object_example/Pages/MainPageLogin.py\", line 47, in login_check\n    assert check_el.is_displayed() == False\n"}, "start": 1608178969145, "stop": 1608178969251}], "start": 1608178961382, "stop": 1608178969251, "uuid": "fb60d9b8-9da6-4efd-995d-4c11411e58e2", "historyId": "2f8a9b2474093a6b576c7aaeb3d32c9f", "testCaseId": "98e6b1c0dc76070a5fcfc551cfac2cd8", "fullName": "Tests.test_TestSmokeTesting#test_login_from_token", "labels": [{"name": "feature", "value": "login"}, {"name": "tag", "value": "smoke"}, {"name": "parentSuite", "value": "Tests"}, {"name": "suite", "value": "test_TestSmokeTesting"}, {"name": "host", "value": "fv-az76-189"}, {"name": "thread", "value": "4963-MainThread"}, {"name": "framework", "value": "pytest"}, {"name": "language", "value": "cpython3"}, {"name": "package", "value": "Tests.test_TestSmokeTesting"}]}