{"name": "login_from_main_page", "status": "failed", "statusDetails": {"message": "AssertionError", "trace": "browser = <selenium.webdriver.remote.webdriver.WebDriver (session=\"ef585c6e14a7f954d93b8b9c7a626bc2\")>\n\n    @allure.feature(\"login\")\n    @allure.title(\"login_from_main_page\")\n    @pytest.mark.smoke\n    def test_login_from_main_page(browser):\n        main_page = MainPageHelper(browser)\n        main_page.go_to_site()\n        main_page.full_login(accounts.acc[\"radwexe\"])\n>       main_page.login_check()\n\nTests/test_TestSmokeTesting.py:13: \n_ _ _ _ _ _ _ _ _ _ _ _ _ _ _ _ _ _ _ _ _ _ _ _ _ _ _ _ _ _ _ _ _ _ _ _ _ _ _ _ \n\nself = <Pages.MainPageLogin.MainPageHelper object at 0x7fae64d6b7f0>\n\n    @allure.step\n    def login_check(self):\n        check_el = self.find_element(MainPageLoginLokators.LOCATOR_CHECK_CREATE_COURS)\n>       assert check_el.is_displayed() == False\nE       AssertionError\n\nPages/MainPageLogin.py:47: AssertionError"}, "steps": [{"name": "full_login", "status": "passed", "steps": [{"name": "click_on_the_yellow_button", "status": "passed", "start": 1608178951328, "stop": 1608178951551}, {"name": "enter_email", "status": "passed", "parameters": [{"name": "login", "value": "'radwexe@mail.ru'"}], "start": 1608178951551, "stop": 1608178951761}, {"name": "enter_password", "status": "passed", "parameters": [{"name": "pas", "value": "'111'"}], "start": 1608178951761, "stop": 1608178951869}, {"name": "click_on_the_enter_button", "status": "passed", "start": 1608178951869, "stop": 1608178952001}], "parameters": [{"name": "acc", "value": "{'login': 'radwexe@mail.ru', 'pass': '111'}"}], "start": 1608178951328, "stop": 1608178952002}, {"name": "login_check", "status": "failed", "statusDetails": {"message": "AssertionError\n", "trace": "  File \"/opt/hostedtoolcache/Python/3.8.6/x64/lib/python3.8/site-packages/allure_commons/_allure.py\", line 172, in impl\n    return func(*a, **kw)\n  File \"/home/runner/work/page_object_example/page_object_example/Pages/MainPageLogin.py\", line 47, in login_check\n    assert check_el.is_displayed() == False\n"}, "start": 1608178952002, "stop": 1608178959895}], "start": 1608178943440, "stop": 1608178959895, "uuid": "a8b7f003-f789-4a1b-9997-57dd86441889", "historyId": "d1f6832e8b390192b32e2f4c09795408", "testCaseId": "36eaa3de78ba8b4c200ec484bb5cd50f", "fullName": "Tests.test_TestSmokeTesting#test_login_from_main_page", "labels": [{"name": "feature", "value": "login"}, {"name": "tag", "value": "smoke"}, {"name": "parentSuite", "value": "Tests"}, {"name": "suite", "value": "test_TestSmokeTesting"}, {"name": "host", "value": "fv-az76-189"}, {"name": "thread", "value": "4963-MainThread"}, {"name": "framework", "value": "pytest"}, {"name": "language", "value": "cpython3"}, {"name": "package", "value": "Tests.test_TestSmokeTesting"}]}