{"name": "login_from_main_page", "status": "broken", "statusDetails": {"message": "selenium.common.exceptions.TimeoutException: Message: Can't find element by locator ('xpath', \"111//input[@name='login']\")", "trace": "browser = <selenium.webdriver.remote.webdriver.WebDriver (session=\"59f2f6cd6dacf6d329b311e5348559ec\")>\n\n    @allure.feature(\"login\")\n    @allure.title(\"login_from_main_page\")\n    @pytest.mark.smoke\n    def test_login_from_main_page(browser):\n        main_page = MainPageHelper(browser)\n        main_page.go_to_site()\n>       main_page.full_login(accounts.acc[\"radwexe\"])\n\nTests/test_TestSmokeTesting.py:14: \n_ _ _ _ _ _ _ _ _ _ _ _ _ _ _ _ _ _ _ _ _ _ _ _ _ _ _ _ _ _ _ _ _ _ _ _ _ _ _ _ \nPages/MainPageLogin.py:41: in full_login\n    self.enter_email(login)\nPages/MainPageLogin.py:22: in enter_email\n    search_field = self.find_element(MainPageLoginLokators.LOCATOR_EMAIL_FIELD)\nApp/BaseApp.py:16: in find_element\n    return WebDriverWait(self.driver, time).until(EC.presence_of_element_located(locator),\n_ _ _ _ _ _ _ _ _ _ _ _ _ _ _ _ _ _ _ _ _ _ _ _ _ _ _ _ _ _ _ _ _ _ _ _ _ _ _ _ \n\nself = <selenium.webdriver.support.wait.WebDriverWait (session=\"59f2f6cd6dacf6d329b311e5348559ec\")>\nmethod = <selenium.webdriver.support.expected_conditions.presence_of_element_located object at 0x7f533a684160>\nmessage = 'Can\\'t find element by locator (\\'xpath\\', \"111//input[@name=\\'login\\']\")'\n\n    def until(self, method, message=''):\n        \"\"\"Calls the method provided with the driver as an argument until the \\\n        return value is not False.\"\"\"\n        screen = None\n        stacktrace = None\n    \n        end_time = time.time() + self._timeout\n        while True:\n            try:\n                value = method(self._driver)\n                if value:\n                    return value\n            except self._ignored_exceptions as exc:\n                screen = getattr(exc, 'screen', None)\n                stacktrace = getattr(exc, 'stacktrace', None)\n            time.sleep(self._poll)\n            if time.time() > end_time:\n                break\n>       raise TimeoutException(message, screen, stacktrace)\nE       selenium.common.exceptions.TimeoutException: Message: Can't find element by locator ('xpath', \"111//input[@name='login']\")\n\n/opt/hostedtoolcache/Python/3.8.6/x64/lib/python3.8/site-packages/selenium/webdriver/support/wait.py:80: TimeoutException"}, "steps": [{"name": "go_to_site", "status": "passed", "start": 1608182856853, "stop": 1608182860040}, {"name": "full_login", "status": "broken", "statusDetails": {"message": "selenium.common.exceptions.TimeoutException: Message: Can't find element by locator ('xpath', \"111//input[@name='login']\")\n\n", "trace": "  File \"/opt/hostedtoolcache/Python/3.8.6/x64/lib/python3.8/site-packages/allure_commons/_allure.py\", line 172, in impl\n    return func(*a, **kw)\n  File \"/home/runner/work/page_object_example/page_object_example/Pages/MainPageLogin.py\", line 41, in full_login\n    self.enter_email(login)\n  File \"/opt/hostedtoolcache/Python/3.8.6/x64/lib/python3.8/site-packages/allure_commons/_allure.py\", line 172, in impl\n    return func(*a, **kw)\n  File \"/home/runner/work/page_object_example/page_object_example/Pages/MainPageLogin.py\", line 22, in enter_email\n    search_field = self.find_element(MainPageLoginLokators.LOCATOR_EMAIL_FIELD)\n  File \"/home/runner/work/page_object_example/page_object_example/App/BaseApp.py\", line 16, in find_element\n    return WebDriverWait(self.driver, time).until(EC.presence_of_element_located(locator),\n  File \"/opt/hostedtoolcache/Python/3.8.6/x64/lib/python3.8/site-packages/selenium/webdriver/support/wait.py\", line 80, in until\n    raise TimeoutException(message, screen, stacktrace)\n"}, "steps": [{"name": "click_on_the_yellow_button", "status": "passed", "start": 1608182860040, "stop": 1608182860181}, {"name": "enter_email", "status": "broken", "statusDetails": {"message": "selenium.common.exceptions.TimeoutException: Message: Can't find element by locator ('xpath', \"111//input[@name='login']\")\n\n", "trace": "  File \"/opt/hostedtoolcache/Python/3.8.6/x64/lib/python3.8/site-packages/allure_commons/_allure.py\", line 172, in impl\n    return func(*a, **kw)\n  File \"/home/runner/work/page_object_example/page_object_example/Pages/MainPageLogin.py\", line 22, in enter_email\n    search_field = self.find_element(MainPageLoginLokators.LOCATOR_EMAIL_FIELD)\n  File \"/home/runner/work/page_object_example/page_object_example/App/BaseApp.py\", line 16, in find_element\n    return WebDriverWait(self.driver, time).until(EC.presence_of_element_located(locator),\n  File \"/opt/hostedtoolcache/Python/3.8.6/x64/lib/python3.8/site-packages/selenium/webdriver/support/wait.py\", line 80, in until\n    raise TimeoutException(message, screen, stacktrace)\n"}, "parameters": [{"name": "login", "value": "'radwexe@mail.ru'"}], "start": 1608182860182, "stop": 1608182890363}], "parameters": [{"name": "acc", "value": "{'login': 'radwexe@mail.ru', 'pass': '111'}"}], "start": 1608182860040, "stop": 1608182890363}], "start": 1608182855774, "stop": 1608182890364, "uuid": "c6005450-4c79-4147-a0ea-cef1bd429a30", "historyId": "d1f6832e8b390192b32e2f4c09795408", "testCaseId": "36eaa3de78ba8b4c200ec484bb5cd50f", "fullName": "Tests.test_TestSmokeTesting#test_login_from_main_page", "labels": [{"name": "feature", "value": "login"}, {"name": "tag", "value": "smoke"}, {"name": "parentSuite", "value": "Tests"}, {"name": "suite", "value": "test_TestSmokeTesting"}, {"name": "host", "value": "fv-az76-189"}, {"name": "thread", "value": "5789-MainThread"}, {"name": "framework", "value": "pytest"}, {"name": "language", "value": "cpython3"}, {"name": "package", "value": "Tests.test_TestSmokeTesting"}]}